[
{"keyword": "Feature", "name": "About Us Page Functionality", "tags": ["regression", "about"], "location": "features/about_page.feature:2", "status": "failed", "description": ["As a potential client or visitor", "I want to learn about Faberwork's company and team", "So that I can understand their background and expertise"], "elements": [{"type": "background", "keyword": "Background", "name": "", "location": "features/about_page.feature:7", "steps": [{"keyword": "Given", "step_type": "given", "name": "I am on the Faberwork homepage", "location": "features/about_page.feature:8"}, {"keyword": "When", "step_type": "when", "name": "I click on the \"About us\" menu", "location": "features/about_page.feature:9"}]}, {"type": "scenario", "keyword": "Scenario", "name": "About Us page loads successfully", "tags": ["about", "page_load"], "location": "features/about_page.feature:12", "steps": [{"keyword": "Given", "step_type": "given", "name": "I am on the Faberwork homepage", "location": "features/about_page.feature:8", "match": {"location": "features/steps/common_steps.py:28", "arguments": []}, "result": {"status": "passed", "duration": 6.954696416854858}}, {"keyword": "When", "step_type": "when", "name": "I click on the \"About us\" menu", "location": "features/about_page.feature:9", "match": {"location": "features/steps/common_steps.py:67", "arguments": [{"value": "About us", "name": "menu_item"}]}, "result": {"status": "passed", "duration": 1.4553685188293457}}, {"keyword": "Then", "step_type": "then", "name": "the About page should load successfully", "location": "features/about_page.feature:13", "match": {"location": "features/steps/about_page_steps.py:10", "arguments": []}, "result": {"status": "passed", "duration": 2.0096073150634766}}, {"keyword": "And", "step_type": "then", "name": "the page title should be \"Who We Are\"", "location": "features/about_page.feature:14", "match": {"location": "features/steps/about_page_steps.py:19", "arguments": [{"value": "Who We Are", "name": "expected_title"}]}, "result": {"status": "passed", "duration": 2.0091941356658936}}, {"keyword": "And", "step_type": "then", "name": "I should see \"Established 2003\" text", "location": "features/about_page.feature:15", "match": {"location": "features/steps/about_page_steps.py:28", "arguments": [{"value": "Established 2003", "name": "text"}]}, "result": {"status": "passed", "duration": 2.008470058441162}}], "status": "passed"}, {"type": "scenario", "keyword": "Scenario", "name": "Company overview information is displayed", "tags": ["about", "company_info"], "location": "features/about_page.feature:18", "steps": [{"keyword": "Given", "step_type": "given", "name": "I am on the Faberwork homepage", "location": "features/about_page.feature:8", "match": {"location": "features/steps/common_steps.py:28", "arguments": []}, "result": {"status": "failed", "duration": 5.241722106933594, "error_message": ["Traceback (most recent call last):", "  File \"E:\\Projects\\faberwork_python_behave_testcases\\venv\\Lib\\site-packages\\behave\\model.py\", line 1329, in run", "    match.run(runner.context)", "    ~~~~~~~~~^^^^^^^^^^^^^^^^", "  File \"E:\\Projects\\faberwork_python_behave_testcases\\venv\\Lib\\site-packages\\behave\\matchers.py\", line 98, in run", "    self.func(context, *args, **kwargs)", "    ~~~~~~~~~^^^^^^^^^^^^^^^^^^^^^^^^^^", "  File \"features\\steps\\common_steps.py\", line 32, in step_navigate_to_homepage", "    context.home_page.navigate_to_homepage()", "    ~~~~~~~~~~~~~~~~~~~~~~~~~~~~~~~~~~~~~~^^", "  File \"E:\\Projects\\faberwork_python_behave_testcases\\pages\\home_page.py\", line 118, in navigate_to_homepage", "    self.navigate_to(self.url)", "    ~~~~~~~~~~~~~~~~^^^^^^^^^^", "  File \"E:\\Projects\\faberwork_python_behave_testcases\\pages\\base_page.py\", line 59, in navigate_to", "    self.wait_for_page_load()", "    ~~~~~~~~~~~~~~~~~~~~~~~^^", "  File \"E:\\Projects\\faberwork_python_behave_testcases\\pages\\base_page.py\", line 399, in wait_for_page_load", "    WebDriverWait(self.driver, timeout).until(", "    ~~~~~~~~~~~~~~~~~~~~~~~~~~~~~~~~~~~~~~~~~^", "        lambda d: d.execute_script('return document.readyState') == 'complete'", "        ^^^^^^^^^^^^^^^^^^^^^^^^^^^^^^^^^^^^^^^^^^^^^^^^^^^^^^^^^^^^^^^^^^^^^^", "    )", "    ^", "  File \"E:\\Projects\\faberwork_python_behave_testcases\\venv\\Lib\\site-packages\\selenium\\webdriver\\support\\wait.py\", line 92, in until", "    value = method(self._driver)", "  File \"E:\\Projects\\faberwork_python_behave_testcases\\pages\\base_page.py\", line 400, in <lambda>", "    lambda d: d.execute_script('return document.readyState') == 'complete'", "              ~~~~~~~~~~~~~~~~^^^^^^^^^^^^^^^^^^^^^^^^^^^^^^", "  File \"E:\\Projects\\faberwork_python_behave_testcases\\venv\\Lib\\site-packages\\selenium\\webdriver\\remote\\webdriver.py\", line 407, in execute_script", "    return self.execute(command, {\"script\": script, \"args\": converted_args})[\"value\"]", "           ~~~~~~~~~~~~^^^^^^^^^^^^^^^^^^^^^^^^^^^^^^^^^^^^^^^^^^^^^^^^^^^^^", "  File \"E:\\Projects\\faberwork_python_behave_testcases\\venv\\Lib\\site-packages\\selenium\\webdriver\\remote\\webdriver.py\", line 347, in execute", "    self.error_handler.check_response(response)", "    ~~~~~~~~~~~~~~~~~~~~~~~~~~~~~~~~~^^^^^^^^^^", "  File \"E:\\Projects\\faberwork_python_behave_testcases\\venv\\Lib\\site-packages\\selenium\\webdriver\\remote\\errorhandler.py\", line 229, in check_response", "    raise exception_class(message, screen, stacktrace)", "selenium.common.exceptions.NoSuchWindowException: Message: no such window: target window already closed", "from unknown error: web view not found", "  (Session info: chrome=143.0.7499.110)", "Stacktrace:", "Symbols not available. Dumping unresolved backtrace:", "\t0x7ff74ae088e5", "\t0x7ff74ae08940", "\t0x7ff74abe165d", "\t0x7ff74abb91b1", "\t0x7ff74ac697e6", "\t0x7ff74ac8a5c2", "\t0x7ff74ac2ac29", "\t0x7ff74ac2ba93", "\t0x7ff74b120640", "\t0x7ff74b11af80", "\t0x7ff74b1396e6", "\t0x7ff74ae25de4", "\t0x7ff74ae2ed8c", "\t0x7ff74ae12004", "\t0x7ff74ae121b5", "\t0x7ff74adf7ee2", "\t0x7ffe9f7754e0", "\t0x7ffea0ea485b", ""]}}, {"keyword": "When", "step_type": "when", "name": "I click on the \"About us\" menu", "location": "features/about_page.feature:9"}, {"keyword": "Then", "step_type": "then", "name": "I should see company overview information", "location": "features/about_page.feature:19"}, {"keyword": "And", "step_type": "then", "name": "I should see \"Snowflake Partner Network\" mentioned", "location": "features/about_page.feature:20"}, {"keyword": "And", "step_type": "then", "name": "I should see \"enterprise application consulting\" mentioned", "location": "features/about_page.feature:21"}], "status": "failed"}, {"type": "scenario", "keyword": "Scenario", "name": "All leadership team members are displayed", "tags": ["about", "leadership_team"], "location": "features/about_page.feature:24", "steps": [{"keyword": "Given", "step_type": "given", "name": "I am on the Faberwork homepage", "location": "features/about_page.feature:8", "match": {"location": "features/steps/common_steps.py:28", "arguments": []}, "result": {"status": "failed", "duration": 6.351649045944214, "error_message": ["Traceback (most recent call last):", "  File \"E:\\Projects\\faberwork_python_behave_testcases\\venv\\Lib\\site-packages\\behave\\model.py\", line 1329, in run", "    match.run(runner.context)", "    ~~~~~~~~~^^^^^^^^^^^^^^^^", "  File \"E:\\Projects\\faberwork_python_behave_testcases\\venv\\Lib\\site-packages\\behave\\matchers.py\", line 98, in run", "    self.func(context, *args, **kwargs)", "    ~~~~~~~~~^^^^^^^^^^^^^^^^^^^^^^^^^^", "  File \"features\\steps\\common_steps.py\", line 32, in step_navigate_to_homepage", "    context.home_page.navigate_to_homepage()", "    ~~~~~~~~~~~~~~~~~~~~~~~~~~~~~~~~~~~~~~^^", "  File \"E:\\Projects\\faberwork_python_behave_testcases\\pages\\home_page.py\", line 118, in navigate_to_homepage", "    self.navigate_to(self.url)", "    ~~~~~~~~~~~~~~~~^^^^^^^^^^", "  File \"E:\\Projects\\faberwork_python_behave_testcases\\pages\\base_page.py\", line 59, in navigate_to", "    self.wait_for_page_load()", "    ~~~~~~~~~~~~~~~~~~~~~~~^^", "  File \"E:\\Projects\\faberwork_python_behave_testcases\\pages\\base_page.py\", line 399, in wait_for_page_load", "    WebDriverWait(self.driver, timeout).until(", "    ~~~~~~~~~~~~~~~~~~~~~~~~~~~~~~~~~~~~~~~~~^", "        lambda d: d.execute_script('return document.readyState') == 'complete'", "        ^^^^^^^^^^^^^^^^^^^^^^^^^^^^^^^^^^^^^^^^^^^^^^^^^^^^^^^^^^^^^^^^^^^^^^", "    )", "    ^", "  File \"E:\\Projects\\faberwork_python_behave_testcases\\venv\\Lib\\site-packages\\selenium\\webdriver\\support\\wait.py\", line 92, in until", "    value = method(self._driver)", "  File \"E:\\Projects\\faberwork_python_behave_testcases\\pages\\base_page.py\", line 400, in <lambda>", "    lambda d: d.execute_script('return document.readyState') == 'complete'", "              ~~~~~~~~~~~~~~~~^^^^^^^^^^^^^^^^^^^^^^^^^^^^^^", "  File \"E:\\Projects\\faberwork_python_behave_testcases\\venv\\Lib\\site-packages\\selenium\\webdriver\\remote\\webdriver.py\", line 407, in execute_script", "    return self.execute(command, {\"script\": script, \"args\": converted_args})[\"value\"]", "           ~~~~~~~~~~~~^^^^^^^^^^^^^^^^^^^^^^^^^^^^^^^^^^^^^^^^^^^^^^^^^^^^^", "  File \"E:\\Projects\\faberwork_python_behave_testcases\\venv\\Lib\\site-packages\\selenium\\webdriver\\remote\\webdriver.py\", line 347, in execute", "    self.error_handler.check_response(response)", "    ~~~~~~~~~~~~~~~~~~~~~~~~~~~~~~~~~^^^^^^^^^^", "  File \"E:\\Projects\\faberwork_python_behave_testcases\\venv\\Lib\\site-packages\\selenium\\webdriver\\remote\\errorhandler.py\", line 229, in check_response", "    raise exception_class(message, screen, stacktrace)", "selenium.common.exceptions.NoSuchWindowException: Message: no such window: target window already closed", "from unknown error: web view not found", "  (Session info: chrome=143.0.7499.110)", "Stacktrace:", "Symbols not available. Dumping unresolved backtrace:", "\t0x7ff74ae088e5", "\t0x7ff74ae08940", "\t0x7ff74abe165d", "\t0x7ff74abb91b1", "\t0x7ff74ac697e6", "\t0x7ff74ac8a5c2", "\t0x7ff74ac2ac29", "\t0x7ff74ac2ba93", "\t0x7ff74b120640", "\t0x7ff74b11af80", "\t0x7ff74b1396e6", "\t0x7ff74ae25de4", "\t0x7ff74ae2ed8c", "\t0x7ff74ae12004", "\t0x7ff74ae121b5", "\t0x7ff74adf7ee2", "\t0x7ffe9f7754e0", "\t0x7ffea0ea485b", ""]}}, {"keyword": "When", "step_type": "when", "name": "I click on the \"About us\" menu", "location": "features/about_page.feature:9"}, {"keyword": "Then", "step_type": "then", "name": "I should see the following team members", "location": "features/about_page.feature:25", "table": {"headings": ["Name", "Title"], "rows": [["Alok Pancholi", "Founder & CEO"], ["Yogesh Sharma", "SVP, Delivery"], ["Jaideep Singh", "Senior Director, Delivery"], ["Ram Singh", "Senior Technical Lead"], ["Saurabh Jain", "Senior Technical Lead"], ["Vikas Sharma", "Senior Technical Lead"]]}}], "status": "failed"}, {"type": "scenario", "keyword": "Scenario", "name": "Team member photos are displayed", "tags": ["about", "team_photos"], "location": "features/about_page.feature:35", "steps": [{"keyword": "Given", "step_type": "given", "name": "I am on the Faberwork homepage", "location": "features/about_page.feature:8", "match": {"location": "features/steps/common_steps.py:28", "arguments": []}, "result": {"status": "passed", "duration": 48.71430206298828}}, {"keyword": "When", "step_type": "when", "name": "I click on the \"About us\" menu", "location": "features/about_page.feature:9", "match": {"location": "features/steps/common_steps.py:67", "arguments": [{"value": "About us", "name": "menu_item"}]}, "result": {"status": "passed", "duration": 2.0348501205444336}}, {"keyword": "Then", "step_type": "then", "name": "I should see profile photos for team members", "location": "features/about_page.feature:36", "match": {"location": "features/steps/about_page_steps.py:77", "arguments": []}, "result": {"status": "passed", "duration": 2.020212173461914}}, {"keyword": "And", "step_type": "then", "name": "the photo for \"Alok Pancholi\" should be visible", "location": "features/about_page.feature:37", "match": {"location": "features/steps/about_page_steps.py:88", "arguments": [{"value": "Alok Pancholi", "name": "name"}]}, "result": {"status": "passed", "duration": 2.007631540298462}}, {"keyword": "And", "step_type": "then", "name": "the photo for \"Yogesh Sharma\" should be visible", "location": "features/about_page.feature:38", "match": {"location": "features/steps/about_page_steps.py:88", "arguments": [{"value": "Yogesh Sharma", "name": "name"}]}, "result": {"status": "passed", "duration": 2.005803108215332}}], "status": "passed"}, {"type": "scenario", "keyword": "Scenario", "name": "Read more functionality works for team bios", "tags": ["about", "read_more"], "location": "features/about_page.feature:41", "steps": [{"keyword": "Given", "step_type": "given", "name": "I am on the Faberwork homepage", "location": "features/about_page.feature:8", "match": {"location": "features/steps/common_steps.py:28", "arguments": []}, "result": {"status": "failed", "duration": 5.922869682312012, "error_message": ["Traceback (most recent call last):", "  File \"E:\\Projects\\faberwork_python_behave_testcases\\venv\\Lib\\site-packages\\behave\\model.py\", line 1329, in run", "    match.run(runner.context)", "    ~~~~~~~~~^^^^^^^^^^^^^^^^", "  File \"E:\\Projects\\faberwork_python_behave_testcases\\venv\\Lib\\site-packages\\behave\\matchers.py\", line 98, in run", "    self.func(context, *args, **kwargs)", "    ~~~~~~~~~^^^^^^^^^^^^^^^^^^^^^^^^^^", "  File \"features\\steps\\common_steps.py\", line 32, in step_navigate_to_homepage", "    context.home_page.navigate_to_homepage()", "    ~~~~~~~~~~~~~~~~~~~~~~~~~~~~~~~~~~~~~~^^", "  File \"E:\\Projects\\faberwork_python_behave_testcases\\pages\\home_page.py\", line 118, in navigate_to_homepage", "    self.navigate_to(self.url)", "    ~~~~~~~~~~~~~~~~^^^^^^^^^^", "  File \"E:\\Projects\\faberwork_python_behave_testcases\\pages\\base_page.py\", line 59, in navigate_to", "    self.wait_for_page_load()", "    ~~~~~~~~~~~~~~~~~~~~~~~^^", "  File \"E:\\Projects\\faberwork_python_behave_testcases\\pages\\base_page.py\", line 399, in wait_for_page_load", "    WebDriverWait(self.driver, timeout).until(", "    ~~~~~~~~~~~~~~~~~~~~~~~~~~~~~~~~~~~~~~~~~^", "        lambda d: d.execute_script('return document.readyState') == 'complete'", "        ^^^^^^^^^^^^^^^^^^^^^^^^^^^^^^^^^^^^^^^^^^^^^^^^^^^^^^^^^^^^^^^^^^^^^^", "    )", "    ^", "  File \"E:\\Projects\\faberwork_python_behave_testcases\\venv\\Lib\\site-packages\\selenium\\webdriver\\support\\wait.py\", line 92, in until", "    value = method(self._driver)", "  File \"E:\\Projects\\faberwork_python_behave_testcases\\pages\\base_page.py\", line 400, in <lambda>", "    lambda d: d.execute_script('return document.readyState') == 'complete'", "              ~~~~~~~~~~~~~~~~^^^^^^^^^^^^^^^^^^^^^^^^^^^^^^", "  File \"E:\\Projects\\faberwork_python_behave_testcases\\venv\\Lib\\site-packages\\selenium\\webdriver\\remote\\webdriver.py\", line 407, in execute_script", "    return self.execute(command, {\"script\": script, \"args\": converted_args})[\"value\"]", "           ~~~~~~~~~~~~^^^^^^^^^^^^^^^^^^^^^^^^^^^^^^^^^^^^^^^^^^^^^^^^^^^^^", "  File \"E:\\Projects\\faberwork_python_behave_testcases\\venv\\Lib\\site-packages\\selenium\\webdriver\\remote\\webdriver.py\", line 347, in execute", "    self.error_handler.check_response(response)", "    ~~~~~~~~~~~~~~~~~~~~~~~~~~~~~~~~~^^^^^^^^^^", "  File \"E:\\Projects\\faberwork_python_behave_testcases\\venv\\Lib\\site-packages\\selenium\\webdriver\\remote\\errorhandler.py\", line 229, in check_response", "    raise exception_class(message, screen, stacktrace)", "selenium.common.exceptions.NoSuchWindowException: Message: no such window: target window already closed", "from unknown error: web view not found", "  (Session info: chrome=143.0.7499.110)", "Stacktrace:", "Symbols not available. Dumping unresolved backtrace:", "\t0x7ff74ae088e5", "\t0x7ff74ae08940", "\t0x7ff74abe165d", "\t0x7ff74abb91b1", "\t0x7ff74ac697e6", "\t0x7ff74ac8a5c2", "\t0x7ff74ac2ac29", "\t0x7ff74ac2ba93", "\t0x7ff74b120640", "\t0x7ff74b11af80", "\t0x7ff74b1396e6", "\t0x7ff74ae25de4", "\t0x7ff74ae2ed8c", "\t0x7ff74ae12004", "\t0x7ff74ae121b5", "\t0x7ff74adf7ee2", "\t0x7ffe9f7754e0", "\t0x7ffea0ea485b", ""]}}, {"keyword": "When", "step_type": "when", "name": "I click on the \"About us\" menu", "location": "features/about_page.feature:9"}, {"keyword": "When", "step_type": "when", "name": "I click on a \"Read more\" button for team bio", "location": "features/about_page.feature:42"}, {"keyword": "Then", "step_type": "then", "name": "the full bio content should be expanded", "location": "features/about_page.feature:43"}, {"keyword": "And", "step_type": "then", "name": "the button should change to \"Read less\"", "location": "features/about_page.feature:44"}], "status": "failed"}, {"type": "scenario", "keyword": "Scenario", "name": "Call-to-action section is present", "tags": ["about", "cta"], "location": "features/about_page.feature:47", "steps": [{"keyword": "Given", "step_type": "given", "name": "I am on the Faberwork homepage", "location": "features/about_page.feature:8", "match": {"location": "features/steps/common_steps.py:28", "arguments": []}, "result": {"status": "failed", "duration": 1.5606598854064941, "error_message": ["Traceback (most recent call last):", "  File \"E:\\Projects\\faberwork_python_behave_testcases\\venv\\Lib\\site-packages\\behave\\model.py\", line 1329, in run", "    match.run(runner.context)", "    ~~~~~~~~~^^^^^^^^^^^^^^^^", "  File \"E:\\Projects\\faberwork_python_behave_testcases\\venv\\Lib\\site-packages\\behave\\matchers.py\", line 98, in run", "    self.func(context, *args, **kwargs)", "    ~~~~~~~~~^^^^^^^^^^^^^^^^^^^^^^^^^^", "  File \"features\\steps\\common_steps.py\", line 32, in step_navigate_to_homepage", "    context.home_page.navigate_to_homepage()", "    ~~~~~~~~~~~~~~~~~~~~~~~~~~~~~~~~~~~~~~^^", "  File \"E:\\Projects\\faberwork_python_behave_testcases\\pages\\home_page.py\", line 118, in navigate_to_homepage", "    self.navigate_to(self.url)", "    ~~~~~~~~~~~~~~~~^^^^^^^^^^", "  File \"E:\\Projects\\faberwork_python_behave_testcases\\pages\\base_page.py\", line 59, in navigate_to", "    self.wait_for_page_load()", "    ~~~~~~~~~~~~~~~~~~~~~~~^^", "  File \"E:\\Projects\\faberwork_python_behave_testcases\\pages\\base_page.py\", line 399, in wait_for_page_load", "    WebDriverWait(self.driver, timeout).until(", "    ~~~~~~~~~~~~~~~~~~~~~~~~~~~~~~~~~~~~~~~~~^", "        lambda d: d.execute_script('return document.readyState') == 'complete'", "        ^^^^^^^^^^^^^^^^^^^^^^^^^^^^^^^^^^^^^^^^^^^^^^^^^^^^^^^^^^^^^^^^^^^^^^", "    )", "    ^", "  File \"E:\\Projects\\faberwork_python_behave_testcases\\venv\\Lib\\site-packages\\selenium\\webdriver\\support\\wait.py\", line 92, in until", "    value = method(self._driver)", "  File \"E:\\Projects\\faberwork_python_behave_testcases\\pages\\base_page.py\", line 400, in <lambda>", "    lambda d: d.execute_script('return document.readyState') == 'complete'", "              ~~~~~~~~~~~~~~~~^^^^^^^^^^^^^^^^^^^^^^^^^^^^^^", "  File \"E:\\Projects\\faberwork_python_behave_testcases\\venv\\Lib\\site-packages\\selenium\\webdriver\\remote\\webdriver.py\", line 407, in execute_script", "    return self.execute(command, {\"script\": script, \"args\": converted_args})[\"value\"]", "           ~~~~~~~~~~~~^^^^^^^^^^^^^^^^^^^^^^^^^^^^^^^^^^^^^^^^^^^^^^^^^^^^^", "  File \"E:\\Projects\\faberwork_python_behave_testcases\\venv\\Lib\\site-packages\\selenium\\webdriver\\remote\\webdriver.py\", line 347, in execute", "    self.error_handler.check_response(response)", "    ~~~~~~~~~~~~~~~~~~~~~~~~~~~~~~~~~^^^^^^^^^^", "  File \"E:\\Projects\\faberwork_python_behave_testcases\\venv\\Lib\\site-packages\\selenium\\webdriver\\remote\\errorhandler.py\", line 229, in check_response", "    raise exception_class(message, screen, stacktrace)", "selenium.common.exceptions.NoSuchWindowException: Message: no such window: target window already closed", "from unknown error: web view not found", "  (Session info: chrome=143.0.7499.110)", "Stacktrace:", "Symbols not available. Dumping unresolved backtrace:", "\t0x7ff74ae088e5", "\t0x7ff74ae08940", "\t0x7ff74abe165d", "\t0x7ff74abb91b1", "\t0x7ff74ac697e6", "\t0x7ff74ac8a5c2", "\t0x7ff74ac2ac29", "\t0x7ff74ac2ba93", "\t0x7ff74b120640", "\t0x7ff74b11af80", "\t0x7ff74b1396e6", "\t0x7ff74ae25de4", "\t0x7ff74ae2ed8c", "\t0x7ff74ae12004", "\t0x7ff74ae121b5", "\t0x7ff74adf7ee2", "\t0x7ffe9f7754e0", "\t0x7ffea0ea485b", ""]}}, {"keyword": "When", "step_type": "when", "name": "I click on the \"About us\" menu", "location": "features/about_page.feature:9"}, {"keyword": "When", "step_type": "when", "name": "I scroll to the bottom of the page", "location": "features/about_page.feature:48"}, {"keyword": "Then", "step_type": "then", "name": "I should see \"Let's Work Together\" section", "location": "features/about_page.feature:49"}, {"keyword": "And", "step_type": "then", "name": "the \"START NOW\" button should be visible", "location": "features/about_page.feature:50"}], "status": "failed"}, {"type": "scenario", "keyword": "Scenario", "name": "Navigation elements are present on About page", "tags": ["about", "navigation"], "location": "features/about_page.feature:53", "steps": [{"keyword": "Given", "step_type": "given", "name": "I am on the Faberwork homepage", "location": "features/about_page.feature:8", "match": {"location": "features/steps/common_steps.py:28", "arguments": []}, "result": {"status": "passed", "duration": 52.885398149490356}}, {"keyword": "When", "step_type": "when", "name": "I click on the \"About us\" menu", "location": "features/about_page.feature:9", "match": {"location": "features/steps/common_steps.py:67", "arguments": [{"value": "About us", "name": "menu_item"}]}, "result": {"status": "passed", "duration": 2.2369885444641113}}, {"keyword": "Then", "step_type": "then", "name": "all navigation links should be present", "location": "features/about_page.feature:54", "match": {"location": "features/steps/common_steps.py:162", "arguments": []}, "result": {"status": "passed", "duration": 0.08341670036315918}}, {"keyword": "And", "step_type": "then", "name": "the Faberwork logo should be visible", "location": "features/about_page.feature:55", "match": {"location": "features/steps/about_page_steps.py:176", "arguments": []}, "result": {"status": "passed", "duration": 2.0227184295654297}}, {"keyword": "And", "step_type": "then", "name": "the footer should be visible", "location": "features/about_page.feature:56", "match": {"location": "features/steps/about_page_steps.py:184", "arguments": []}, "result": {"status": "failed", "duration": 7.0080955028533936, "error_message": "Assertion Failed: Footer not found"}}], "status": "failed"}]},

{"keyword": "Feature", "name": "Carousel and Slider Functionality", "tags": ["regression", "carousel"], "location": "features/carousel.feature:2", "status": "failed", "description": ["As a user", "I want to interact with carousels and sliders", "So that I can view success stories and testimonials"], "elements": [{"type": "background", "keyword": "Background", "name": "", "location": "features/carousel.feature:7", "steps": [{"keyword": "Given", "step_type": "given", "name": "I am on the Faberwork homepage", "location": "features/carousel.feature:8"}]}, {"type": "scenario", "keyword": "Scenario", "name": "Success stories carousel navigation", "tags": ["carousel", "success_stories"], "location": "features/carousel.feature:11", "steps": [{"keyword": "Given", "step_type": "given", "name": "I am on the Faberwork homepage", "location": "features/carousel.feature:8", "match": {"location": "features/steps/common_steps.py:28", "arguments": []}, "result": {"status": "passed", "duration": 49.18564510345459}}, {"keyword": "When", "step_type": "when", "name": "I scroll to the success stories section", "location": "features/carousel.feature:12", "match": {"location": "features/steps/common_steps.py:137", "arguments": []}, "result": {"status": "passed", "duration": 0.5251243114471436}}, {"keyword": "Then", "step_type": "then", "name": "the success stories carousel should be visible", "location": "features/carousel.feature:13", "match": {"location": "features/steps/carousel_steps.py:10", "arguments": []}, "result": {"status": "passed", "duration": 0.538956880569458}}, {"keyword": "And", "step_type": "then", "name": "carousel navigation buttons should be present", "location": "features/carousel.feature:14", "match": {"location": "features/steps/carousel_steps.py:19", "arguments": []}, "result": {"status": "passed", "duration": 0.04163026809692383}}], "status": "passed"}, {"type": "scenario", "keyword": "Scenario", "name": "Navigate carousel using next button", "tags": ["carousel", "next"], "location": "features/carousel.feature:17", "steps": [{"keyword": "Given", "step_type": "given", "name": "I am on the Faberwork homepage", "location": "features/carousel.feature:8", "match": {"location": "features/steps/common_steps.py:28", "arguments": []}, "result": {"status": "failed", "duration": 32.315438747406006, "error_message": ["Traceback (most recent call last):", "  File \"E:\\Projects\\faberwork_python_behave_testcases\\venv\\Lib\\site-packages\\behave\\model.py\", line 1329, in run", "    match.run(runner.context)", "    ~~~~~~~~~^^^^^^^^^^^^^^^^", "  File \"E:\\Projects\\faberwork_python_behave_testcases\\venv\\Lib\\site-packages\\behave\\matchers.py\", line 98, in run", "    self.func(context, *args, **kwargs)", "    ~~~~~~~~~^^^^^^^^^^^^^^^^^^^^^^^^^^", "  File \"features\\steps\\common_steps.py\", line 32, in step_navigate_to_homepage", "    context.home_page.navigate_to_homepage()", "    ~~~~~~~~~~~~~~~~~~~~~~~~~~~~~~~~~~~~~~^^", "  File \"E:\\Projects\\faberwork_python_behave_testcases\\pages\\home_page.py\", line 118, in navigate_to_homepage", "    self.navigate_to(self.url)", "    ~~~~~~~~~~~~~~~~^^^^^^^^^^", "  File \"E:\\Projects\\faberwork_python_behave_testcases\\pages\\base_page.py\", line 59, in navigate_to", "    self.wait_for_page_load()", "    ~~~~~~~~~~~~~~~~~~~~~~~^^", "  File \"E:\\Projects\\faberwork_python_behave_testcases\\pages\\base_page.py\", line 399, in wait_for_page_load", "    WebDriverWait(self.driver, timeout).until(", "    ~~~~~~~~~~~~~~~~~~~~~~~~~~~~~~~~~~~~~~~~~^", "        lambda d: d.execute_script('return document.readyState') == 'complete'", "        ^^^^^^^^^^^^^^^^^^^^^^^^^^^^^^^^^^^^^^^^^^^^^^^^^^^^^^^^^^^^^^^^^^^^^^", "    )", "    ^", "  File \"E:\\Projects\\faberwork_python_behave_testcases\\venv\\Lib\\site-packages\\selenium\\webdriver\\support\\wait.py\", line 92, in until", "    value = method(self._driver)", "  File \"E:\\Projects\\faberwork_python_behave_testcases\\pages\\base_page.py\", line 400, in <lambda>", "    lambda d: d.execute_script('return document.readyState') == 'complete'", "              ~~~~~~~~~~~~~~~~^^^^^^^^^^^^^^^^^^^^^^^^^^^^^^", "  File \"E:\\Projects\\faberwork_python_behave_testcases\\venv\\Lib\\site-packages\\selenium\\webdriver\\remote\\webdriver.py\", line 407, in execute_script", "    return self.execute(command, {\"script\": script, \"args\": converted_args})[\"value\"]", "           ~~~~~~~~~~~~^^^^^^^^^^^^^^^^^^^^^^^^^^^^^^^^^^^^^^^^^^^^^^^^^^^^^", "  File \"E:\\Projects\\faberwork_python_behave_testcases\\venv\\Lib\\site-packages\\selenium\\webdriver\\remote\\webdriver.py\", line 347, in execute", "    self.error_handler.check_response(response)", "    ~~~~~~~~~~~~~~~~~~~~~~~~~~~~~~~~~^^^^^^^^^^", "  File \"E:\\Projects\\faberwork_python_behave_testcases\\venv\\Lib\\site-packages\\selenium\\webdriver\\remote\\errorhandler.py\", line 229, in check_response", "    raise exception_class(message, screen, stacktrace)", "selenium.common.exceptions.NoSuchWindowException: Message: no such window: target window already closed", "from unknown error: web view not found", "  (Session info: chrome=143.0.7499.110)", "Stacktrace:", "Symbols not available. Dumping unresolved backtrace:", "\t0x7ff74ae088e5", "\t0x7ff74ae08940", "\t0x7ff74abe165d", "\t0x7ff74abb91b1", "\t0x7ff74ac697e6", "\t0x7ff74ac8a5c2", "\t0x7ff74ac2ac29", "\t0x7ff74ac2ba93", "\t0x7ff74b120640", "\t0x7ff74b11af80", "\t0x7ff74b1396e6", "\t0x7ff74ae25de4", "\t0x7ff74ae2ed8c", "\t0x7ff74ae12004", "\t0x7ff74ae121b5", "\t0x7ff74adf7ee2", "\t0x7ffe9f7754e0", "\t0x7ffea0ea485b", ""]}}, {"keyword": "Given", "step_type": "given", "name": "the success stories carousel is visible", "location": "features/carousel.feature:18"}, {"keyword": "When", "step_type": "when", "name": "I click the carousel next button", "location": "features/carousel.feature:19"}, {"keyword": "Then", "step_type": "then", "name": "the next carousel item should be displayed", "location": "features/carousel.feature:20"}, {"keyword": "And", "step_type": "then", "name": "the carousel should animate smoothly", "location": "features/carousel.feature:21"}], "status": "failed"}, {"type": "scenario", "keyword": "Scenario", "name": "Navigate carousel using previous button", "tags": ["carousel", "previous"], "location": "features/carousel.feature:24", "steps": [{"keyword": "Given", "step_type": "given", "name": "I am on the Faberwork homepage", "location": "features/carousel.feature:8", "match": {"location": "features/steps/common_steps.py:28", "arguments": []}, "result": {"status": "passed", "duration": 48.43760848045349}}, {"keyword": "Given", "step_type": "given", "name": "the success stories carousel is visible", "location": "features/carousel.feature:25", "match": {"location": "features/steps/carousel_steps.py:10", "arguments": []}, "result": {"status": "passed", "duration": 0.5479736328125}}, {"keyword": "And", "step_type": "given", "name": "I am on the second carousel item", "location": "features/carousel.feature:26", "match": {"location": "features/steps/carousel_steps.py:50", "arguments": []}, "result": {"status": "passed", "duration": 1.5995275974273682}}, {"keyword": "When", "step_type": "when", "name": "I click the carousel previous button", "location": "features/carousel.feature:27", "match": {"location": "features/steps/carousel_steps.py:35", "arguments": []}, "result": {"status": "passed", "duration": 1.6071686744689941}}, {"keyword": "Then", "step_type": "then", "name": "the previous carousel item should be displayed", "location": "features/carousel.feature:28", "match": {"location": "features/steps/carousel_steps.py:57", "arguments": []}, "result": {"status": "passed", "duration": 0.00047779083251953125}}], "status": "passed"}, {"type": "scenario", "keyword": "Scenario", "name": "Carousel auto-rotates", "tags": ["carousel", "autoplay"], "location": "features/carousel.feature:31", "steps": [{"keyword": "Given", "step_type": "given", "name": "I am on the Faberwork homepage", "location": "features/carousel.feature:8", "match": {"location": "features/steps/common_steps.py:28", "arguments": []}, "result": {"status": "passed", "duration": 48.43243598937988}}, {"keyword": "Given", "step_type": "given", "name": "the success stories carousel is visible", "location": "features/carousel.feature:32", "match": {"location": "features/steps/carousel_steps.py:10", "arguments": []}, "result": {"status": "passed", "duration": 0.5425646305084229}}, {"keyword": "When", "step_type": "when", "name": "I wait for 5 seconds", "location": "features/carousel.feature:33", "match": {"location": "features/steps/common_steps.py:208", "arguments": [{"value": 5, "name": "seconds", "original": "5"}]}, "result": {"status": "passed", "duration": 5.001162052154541}}, {"keyword": "Then", "step_type": "then", "name": "the carousel should automatically advance to the next item", "location": "features/carousel.feature:34", "match": {"location": "features/steps/carousel_steps.py:64", "arguments": []}, "result": {"status": "passed", "duration": 0.0007941722869873047}}], "status": "passed"}, {"type": "scenario", "keyword": "Scenario", "name": "Testimonial slider displays correctly", "tags": ["carousel", "testimonials"], "location": "features/carousel.feature:37", "steps": [{"keyword": "Given", "step_type": "given", "name": "I am on the Faberwork homepage", "location": "features/carousel.feature:8", "match": {"location": "features/steps/common_steps.py:28", "arguments": []}, "result": {"status": "failed", "duration": 13.633402585983276, "error_message": ["Traceback (most recent call last):", "  File \"E:\\Projects\\faberwork_python_behave_testcases\\venv\\Lib\\site-packages\\behave\\model.py\", line 1329, in run", "    match.run(runner.context)", "    ~~~~~~~~~^^^^^^^^^^^^^^^^", "  File \"E:\\Projects\\faberwork_python_behave_testcases\\venv\\Lib\\site-packages\\behave\\matchers.py\", line 98, in run", "    self.func(context, *args, **kwargs)", "    ~~~~~~~~~^^^^^^^^^^^^^^^^^^^^^^^^^^", "  File \"features\\steps\\common_steps.py\", line 32, in step_navigate_to_homepage", "    context.home_page.navigate_to_homepage()", "    ~~~~~~~~~~~~~~~~~~~~~~~~~~~~~~~~~~~~~~^^", "  File \"E:\\Projects\\faberwork_python_behave_testcases\\pages\\home_page.py\", line 118, in navigate_to_homepage", "    self.navigate_to(self.url)", "    ~~~~~~~~~~~~~~~~^^^^^^^^^^", "  File \"E:\\Projects\\faberwork_python_behave_testcases\\pages\\base_page.py\", line 59, in navigate_to", "    self.wait_for_page_load()", "    ~~~~~~~~~~~~~~~~~~~~~~~^^", "  File \"E:\\Projects\\faberwork_python_behave_testcases\\pages\\base_page.py\", line 399, in wait_for_page_load", "    WebDriverWait(self.driver, timeout).until(", "    ~~~~~~~~~~~~~~~~~~~~~~~~~~~~~~~~~~~~~~~~~^", "        lambda d: d.execute_script('return document.readyState') == 'complete'", "        ^^^^^^^^^^^^^^^^^^^^^^^^^^^^^^^^^^^^^^^^^^^^^^^^^^^^^^^^^^^^^^^^^^^^^^", "    )", "    ^", "  File \"E:\\Projects\\faberwork_python_behave_testcases\\venv\\Lib\\site-packages\\selenium\\webdriver\\support\\wait.py\", line 92, in until", "    value = method(self._driver)", "  File \"E:\\Projects\\faberwork_python_behave_testcases\\pages\\base_page.py\", line 400, in <lambda>", "    lambda d: d.execute_script('return document.readyState') == 'complete'", "              ~~~~~~~~~~~~~~~~^^^^^^^^^^^^^^^^^^^^^^^^^^^^^^", "  File \"E:\\Projects\\faberwork_python_behave_testcases\\venv\\Lib\\site-packages\\selenium\\webdriver\\remote\\webdriver.py\", line 407, in execute_script", "    return self.execute(command, {\"script\": script, \"args\": converted_args})[\"value\"]", "           ~~~~~~~~~~~~^^^^^^^^^^^^^^^^^^^^^^^^^^^^^^^^^^^^^^^^^^^^^^^^^^^^^", "  File \"E:\\Projects\\faberwork_python_behave_testcases\\venv\\Lib\\site-packages\\selenium\\webdriver\\remote\\webdriver.py\", line 347, in execute", "    self.error_handler.check_response(response)", "    ~~~~~~~~~~~~~~~~~~~~~~~~~~~~~~~~~^^^^^^^^^^", "  File \"E:\\Projects\\faberwork_python_behave_testcases\\venv\\Lib\\site-packages\\selenium\\webdriver\\remote\\errorhandler.py\", line 229, in check_response", "    raise exception_class(message, screen, stacktrace)", "selenium.common.exceptions.NoSuchWindowException: Message: no such window: target window already closed", "from unknown error: web view not found", "  (Session info: chrome=143.0.7499.110)", "Stacktrace:", "Symbols not available. Dumping unresolved backtrace:", "\t0x7ff74ae088e5", "\t0x7ff74ae08940", "\t0x7ff74abe165d", "\t0x7ff74abb91b1", "\t0x7ff74ac697e6", "\t0x7ff74ac8a5c2", "\t0x7ff74ac2ac29", "\t0x7ff74ac2ba93", "\t0x7ff74b120640", "\t0x7ff74b11af80", "\t0x7ff74b1396e6", "\t0x7ff74ae25de4", "\t0x7ff74ae2ed8c", "\t0x7ff74ae12004", "\t0x7ff74ae121b5", "\t0x7ff74adf7ee2", "\t0x7ffe9f7754e0", "\t0x7ffea0ea485b", ""]}}, {"keyword": "When", "step_type": "when", "name": "I scroll to the testimonials section", "location": "features/carousel.feature:38"}, {"keyword": "Then", "step_type": "then", "name": "the testimonial slider should be visible", "location": "features/carousel.feature:39"}, {"keyword": "And", "step_type": "then", "name": "testimonial quotes should be displayed", "location": "features/carousel.feature:40"}, {"keyword": "And", "step_type": "then", "name": "testimonials should rotate automatically", "location": "features/carousel.feature:41"}], "status": "failed"}, {"type": "scenario", "keyword": "Scenario", "name": "Carousel indicators work", "tags": ["carousel", "indicators"], "location": "features/carousel.feature:44", "steps": [{"keyword": "Given", "step_type": "given", "name": "I am on the Faberwork homepage", "location": "features/carousel.feature:8", "match": {"location": "features/steps/common_steps.py:28", "arguments": []}, "result": {"status": "passed", "duration": 4.838664770126343}}, {"keyword": "Given", "step_type": "given", "name": "the success stories carousel is visible", "location": "features/carousel.feature:45", "match": {"location": "features/steps/carousel_steps.py:10", "arguments": []}, "result": {"status": "passed", "duration": 0.5301785469055176}}, {"keyword": "When", "step_type": "when", "name": "I click on carousel indicator 3", "location": "features/carousel.feature:46", "match": {"location": "features/steps/carousel_steps.py:93", "arguments": [{"value": 3, "name": "indicator_num", "original": "3"}]}, "result": {"status": "passed", "duration": 0.0004956722259521484}}, {"keyword": "Then", "step_type": "then", "name": "carousel item 3 should be displayed", "location": "features/carousel.feature:47", "match": {"location": "features/steps/carousel_steps.py:100", "arguments": [{"value": 3, "name": "item_num", "original": "3"}]}, "result": {"status": "passed", "duration": 0.00037217140197753906}}, {"keyword": "And", "step_type": "then", "name": "the indicator should be highlighted", "location": "features/carousel.feature:48", "match": {"location": "features/steps/carousel_steps.py:107", "arguments": []}, "result": {"status": "passed", "duration": 0.00017523765563964844}}], "status": "passed"}, {"type": "scenario", "keyword": "Scenario", "name": "Carousel responds to touch/swipe gestures", "tags": ["carousel", "touch_swipe"], "location": "features/carousel.feature:51", "steps": [{"keyword": "Given", "step_type": "given", "name": "I am on the Faberwork homepage", "location": "features/carousel.feature:8", "match": {"location": "features/steps/common_steps.py:28", "arguments": []}, "result": {"status": "passed", "duration": 9.05247163772583}}, {"keyword": "Given", "step_type": "given", "name": "I am viewing the carousel on a mobile device", "location": "features/carousel.feature:52", "match": {"location": "features/steps/carousel_steps.py:128", "arguments": []}, "result": {"status": "passed", "duration": 4.3936543464660645}}, {"keyword": "When", "step_type": "when", "name": "I swipe left on the carousel", "location": "features/carousel.feature:53", "match": {"location": "features/steps/carousel_steps.py:137", "arguments": []}, "result": {"status": "passed", "duration": 5.6860432624816895}}, {"keyword": "Then", "step_type": "then", "name": "the next carousel item should appear", "location": "features/carousel.feature:54", "match": {"location": "features/steps/carousel_steps.py:150", "arguments": []}, "result": {"status": "passed", "duration": 2.008204936981201}}], "status": "passed"}, {"type": "scenario", "keyword": "Scenario", "name": "Carousel keyboard navigation", "tags": ["carousel", "keyboard"], "location": "features/carousel.feature:57", "steps": [{"keyword": "Given", "step_type": "given", "name": "I am on the Faberwork homepage", "location": "features/carousel.feature:8", "match": {"location": "features/steps/common_steps.py:28", "arguments": []}, "result": {"status": "passed", "duration": 50.37265634536743}}, {"keyword": "Given", "step_type": "given", "name": "the success stories carousel has focus", "location": "features/carousel.feature:58", "match": {"location": "features/steps/carousel_steps.py:158", "arguments": []}, "result": {"status": "passed", "duration": 3.5229384899139404}}, {"keyword": "When", "step_type": "when", "name": "I press the right arrow key", "location": "features/carousel.feature:59", "match": {"location": "features/steps/carousel_steps.py:167", "arguments": []}, "result": {"status": "passed", "duration": 4.081004858016968}}, {"keyword": "Then", "step_type": "then", "name": "the next carousel item should be displayed", "location": "features/carousel.feature:60", "match": {"location": "features/steps/carousel_steps.py:42", "arguments": []}, "result": {"status": "passed", "duration": 0.0021080970764160156}}, {"keyword": "When", "step_type": "when", "name": "I press the left arrow key", "location": "features/carousel.feature:61", "match": {"location": "features/steps/carousel_steps.py:182", "arguments": []}, "result": {"status": "passed", "duration": 4.135469436645508}}, {"keyword": "Then", "step_type": "then", "name": "the previous carousel item should be displayed", "location": "features/carousel.feature:62", "match": {"location": "features/steps/carousel_steps.py:57", "arguments": []}, "result": {"status": "passed", "duration": 0.0008358955383300781}}], "status": "passed"}, {"type": "scenario", "keyword": "Scenario", "name": "Verify number of carousel items", "tags": ["carousel", "count"], "location": "features/carousel.feature:65", "steps": [{"keyword": "Given", "step_type": "given", "name": "I am on the Faberwork homepage", "location": "features/carousel.feature:8", "match": {"location": "features/steps/common_steps.py:28", "arguments": []}, "result": {"status": "passed", "duration": 48.859246492385864}}, {"keyword": "Given", "step_type": "given", "name": "the success stories carousel is visible", "location": "features/carousel.feature:66", "match": {"location": "features/steps/carousel_steps.py:10", "arguments": []}, "result": {"status": "passed", "duration": 0.5501248836517334}}, {"keyword": "Then", "step_type": "then", "name": "there should be at least 10 carousel items", "location": "features/carousel.feature:67", "match": {"location": "features/steps/carousel_steps.py:113", "arguments": [{"value": 10, "name": "min_count", "original": "10"}]}, "result": {"status": "passed", "duration": 0.0174102783203125}}, {"keyword": "And", "step_type": "then", "name": "each item should have content", "location": "features/carousel.feature:68", "match": {"location": "features/steps/carousel_steps.py:121", "arguments": []}, "result": {"status": "passed", "duration": 0.00023984909057617188}}], "status": "passed"}, {"type": "scenario", "keyword": "Scenario", "name": "Carousel pauses on hover", "tags": ["carousel", "pause_on_hover"], "location": "features/carousel.feature:71", "steps": [{"keyword": "Given", "step_type": "given", "name": "I am on the Faberwork homepage", "location": "features/carousel.feature:8", "match": {"location": "features/steps/common_steps.py:28", "arguments": []}, "result": {"status": "passed", "duration": 7.2134857177734375}}, {"keyword": "Given", "step_type": "given", "name": "the carousel is auto-rotating", "location": "features/carousel.feature:72", "match": {"location": "features/steps/carousel_steps.py:198", "arguments": []}, "result": {"status": "passed", "duration": 4.541069269180298}}, {"keyword": "When", "step_type": "when", "name": "I hover over the carousel", "location": "features/carousel.feature:73", "match": {"location": "features/steps/carousel_steps.py:207", "arguments": []}, "result": {"status": "passed", "duration": 4.7818989753723145}}, {"keyword": "Then", "step_type": "then", "name": "the carousel should pause auto-rotation", "location": "features/carousel.feature:74", "match": {"location": "features/steps/carousel_steps.py:219", "arguments": []}, "result": {"status": "passed", "duration": 3.0023465156555176}}, {"keyword": "When", "step_type": "when", "name": "I move the mouse away", "location": "features/carousel.feature:75", "match": {"location": "features/steps/carousel_steps.py:226", "arguments": []}, "result": {"status": "passed", "duration": 7.024768829345703}}, {"keyword": "Then", "step_type": "then", "name": "the carousel should resume auto-rotation", "location": "features/carousel.feature:76", "match": {"location": "features/steps/carousel_steps.py:241", "arguments": []}, "result": {"status": "passed", "duration": 3.0017433166503906}}], "status": "passed"}]}